# JRE version: OpenJDK Runtime Environment (21.0+35) (build 21+35-2513)
# Java VM: OpenJDK 64-Bit Server VM (21+35-2513, mixed mode, sharing, tiered, compressed oops, compressed class ptrs, g1 gc, windows-amd64)
GC Precious Log:
 CardTable entry size: 512
 Card Set container configuration: InlinePtr #cards 5 size 8 Array Of Cards #cards 12 size 40 Howl #buckets 4 coarsen threshold 1843 Howl Bitmap #cards 512 size 80 coarsen threshold 460 Card regions per heap region 1 cards per card region 2048
 CPUs: 8 total, 8 available
 Memory: 8027M
 Large Page Support: Disabled
 NUMA Support: Disabled
 Compressed Oops: Enabled (32-bit)
 Heap Region Size: 1M
 Heap Min Capacity: 8M
 Heap Initial Capacity: 126M
 Heap Max Capacity: 2008M
 Pre-touch: Disabled
 Parallel Workers: 8
 Concurrent Workers: 2
 Concurrent Refinement Workers: 8
 Periodic GC: Disabled
Heap:
 garbage-first heap   total 260096K, used 156056K [0x0000000082800000, 0x0000000100000000)
  region size 1024K, 1 young (1024K), 1 survivors (1024K)
 Metaspace       used 13913K, committed 14208K, reserved 1114112K
  class space    used 1798K, committed 1920K, reserved 1048576K
GC Heap History (20 events):
Event: 1.793 GC heap after
{Heap after GC invocations=10 (full 0):
 garbage-first heap   total 137216K, used 81297K [0x0000000082800000, 0x0000000100000000)
  region size 1024K, 1 young (1024K), 1 survivors (1024K)
 Metaspace       used 13913K, committed 14208K, reserved 1114112K
  class space    used 1798K, committed 1920K, reserved 1048576K
}
Event: 1.813 GC heap before
{Heap before GC invocations=11 (full 0):
 garbage-first heap   total 145408K, used 86417K [0x0000000082800000, 0x0000000100000000)
  region size 1024K, 2 young (2048K), 1 survivors (1024K)
 Metaspace       used 13913K, committed 14208K, reserved 1114112K
  class space    used 1798K, committed 1920K, reserved 1048576K
}
Event: 1.814 GC heap after
{Heap after GC invocations=12 (full 0):
 garbage-first heap   total 145408K, used 86413K [0x0000000082800000, 0x0000000100000000)
  region size 1024K, 1 young (1024K), 1 survivors (1024K)
 Metaspace       used 13913K, committed 14208K, reserved 1114112K
  class space    used 1798K, committed 1920K, reserved 1048576K
}
Event: 1.828 GC heap before
{Heap before GC invocations=13 (full 0):
 garbage-first heap   total 155648K, used 94605K [0x0000000082800000, 0x0000000100000000)
  region size 1024K, 3 young (3072K), 1 survivors (1024K)
 Metaspace       used 13913K, committed 14208K, reserved 1114112K
  class space    used 1798K, committed 1920K, reserved 1048576K
}
Event: 1.829 GC heap after
{Heap after GC invocations=14 (full 0):
 garbage-first heap   total 187392K, used 93573K [0x0000000082800000, 0x0000000100000000)
  region size 1024K, 1 young (1024K), 1 survivors (1024K)
 Metaspace       used 13913K, committed 14208K, reserved 1114112K
  class space    used 1798K, committed 1920K, reserved 1048576K
}
Event: 1.843 GC heap before
{Heap before GC invocations=15 (full 0):
 garbage-first heap   total 187392K, used 100741K [0x0000000082800000, 0x0000000100000000)
  region size 1024K, 3 young (3072K), 1 survivors (1024K)
 Metaspace       used 13913K, committed 14208K, reserved 1114112K
  class space    used 1798K, committed 1920K, reserved 1048576K
}
Event: 1.844 GC heap after
{Heap after GC invocations=16 (full 0):
 garbage-first heap   total 187392K, used 99716K [0x0000000082800000, 0x0000000100000000)
  region size 1024K, 1 young (1024K), 1 survivors (1024K)
 Metaspace       used 13913K, committed 14208K, reserved 1114112K
  class space    used 1798K, committed 1920K, reserved 1048576K
}
Event: 1.856 GC heap before
{Heap before GC invocations=17 (full 0):
 garbage-first heap   total 187392K, used 107908K [0x0000000082800000, 0x0000000100000000)
  region size 1024K, 3 young (3072K), 1 survivors (1024K)
 Metaspace       used 13913K, committed 14208K, reserved 1114112K
  class space    used 1798K, committed 1920K, reserved 1048576K
}
Event: 1.857 GC heap after
{Heap after GC invocations=18 (full 0):
 garbage-first heap   total 187392K, used 106873K [0x0000000082800000, 0x0000000100000000)
  region size 1024K, 1 young (1024K), 1 survivors (1024K)
 Metaspace       used 13913K, committed 14208K, reserved 1114112K
  class space    used 1798K, committed 1920K, reserved 1048576K
}
Event: 1.872 GC heap before
{Heap before GC invocations=19 (full 0):
 garbage-first heap   total 191488K, used 116089K [0x0000000082800000, 0x0000000100000000)
  region size 1024K, 3 young (3072K), 1 survivors (1024K)
 Metaspace       used 13913K, committed 14208K, reserved 1114112K
  class space    used 1798K, committed 1920K, reserved 1048576K
}
Event: 1.873 GC heap after
{Heap after GC invocations=20 (full 0):
 garbage-first heap   total 191488K, used 115097K [0x0000000082800000, 0x0000000100000000)
  region size 1024K, 1 young (1024K), 1 survivors (1024K)
 Metaspace       used 13913K, committed 14208K, reserved 1114112K
  class space    used 1798K, committed 1920K, reserved 1048576K
}
Event: 1.891 GC heap before
{Heap before GC invocations=21 (full 0):
 garbage-first heap   total 208896K, used 126361K [0x0000000082800000, 0x0000000100000000)
  region size 1024K, 3 young (3072K), 1 survivors (1024K)
 Metaspace       used 13913K, committed 14208K, reserved 1114112K
  class space    used 1798K, committed 1920K, reserved 1048576K
}
Event: 1.892 GC heap after
{Heap after GC invocations=22 (full 0):
 garbage-first heap   total 208896K, used 125321K [0x0000000082800000, 0x0000000100000000)
  region size 1024K, 1 young (1024K), 1 survivors (1024K)
 Metaspace       used 13913K, committed 14208K, reserved 1114112K
  class space    used 1798K, committed 1920K, reserved 1048576K
}
Event: 1.910 GC heap before
{Heap before GC invocations=23 (full 0):
 garbage-first heap   total 224256K, used 134537K [0x0000000082800000, 0x0000000100000000)
  region size 1024K, 3 young (3072K), 1 survivors (1024K)
 Metaspace       used 13913K, committed 14208K, reserved 1114112K
  class space    used 1798K, committed 1920K, reserved 1048576K
}
Event: 1.911 GC heap after
{Heap after GC invocations=24 (full 0):
 garbage-first heap   total 224256K, used 133533K [0x0000000082800000, 0x0000000100000000)
  region size 1024K, 1 young (1024K), 1 survivors (1024K)
 Metaspace       used 13913K, committed 14208K, reserved 1114112K
  class space    used 1798K, committed 1920K, reserved 1048576K
}
Event: 1.928 GC heap before
{Heap before GC invocations=25 (full 0):
 garbage-first heap   total 237568K, used 142749K [0x0000000082800000, 0x0000000100000000)
  region size 1024K, 3 young (3072K), 1 survivors (1024K)
 Metaspace       used 13913K, committed 14208K, reserved 1114112K
  class space    used 1798K, committed 1920K, reserved 1048576K
}
Event: 1.929 GC heap after
{Heap after GC invocations=26 (full 0):
 garbage-first heap   total 237568K, used 141731K [0x0000000082800000, 0x0000000100000000)
  region size 1024K, 1 young (1024K), 1 survivors (1024K)
 Metaspace       used 13913K, committed 14208K, reserved 1114112K
  class space    used 1798K, committed 1920K, reserved 1048576K
}
Event: 1.945 GC heap before
{Heap before GC invocations=27 (full 0):
 garbage-first heap   total 247808K, used 149923K [0x0000000082800000, 0x0000000100000000)
  region size 1024K, 3 young (3072K), 1 survivors (1024K)
 Metaspace       used 13913K, committed 14208K, reserved 1114112K
  class space    used 1798K, committed 1920K, reserved 1048576K
}
Event: 1.946 GC heap after
{Heap after GC invocations=28 (full 0):
 garbage-first heap   total 247808K, used 148881K [0x0000000082800000, 0x0000000100000000)
  region size 1024K, 1 young (1024K), 1 survivors (1024K)
 Metaspace       used 13913K, committed 14208K, reserved 1114112K
  class space    used 1798K, committed 1920K, reserved 1048576K
}
Event: 1.962 GC heap before
{Heap before GC invocations=29 (full 0):
 garbage-first heap   total 260096K, used 157073K [0x0000000082800000, 0x0000000100000000)
  region size 1024K, 3 young (3072K), 1 survivors (1024K)
 Metaspace       used 13913K, committed 14208K, reserved 1114112K
  class space    used 1798K, committed 1920K, reserved 1048576K
}

