# JRE version: OpenJDK Runtime Environment (21.0+35) (build 21+35-2513)
# Java VM: OpenJDK 64-Bit Server VM (21+35-2513, mixed mode, sharing, tiered, compressed oops, compressed class ptrs, g1 gc, windows-amd64)
GC Precious Log:
 CardTable entry size: 512
 Card Set container configuration: InlinePtr #cards 5 size 8 Array Of Cards #cards 12 size 40 Howl #buckets 4 coarsen threshold 1843 Howl Bitmap #cards 512 size 80 coarsen threshold 460 Card regions per heap region 1 cards per card region 2048
 CPUs: 8 total, 8 available
 Memory: 8027M
 Large Page Support: Disabled
 NUMA Support: Disabled
 Compressed Oops: Enabled (32-bit)
 Heap Region Size: 1M
 Heap Min Capacity: 8M
 Heap Initial Capacity: 126M
 Heap Max Capacity: 2008M
 Pre-touch: Disabled
 Parallel Workers: 8
 Concurrent Workers: 2
 Concurrent Refinement Workers: 8
 Periodic GC: Disabled
Heap:
 garbage-first heap   total 245760K, used 227191K [0x0000000082800000, 0x0000000100000000)
  region size 1024K, 60 young (61440K), 1 survivors (1024K)
 Metaspace       used 21733K, committed 22080K, reserved 1114112K
  class space    used 3032K, committed 3200K, reserved 1048576K
GC Heap History (14 events):
Event: 1.207 GC heap before
{Heap before GC invocations=0 (full 0):
 garbage-first heap   total 129024K, used 22528K [0x0000000082800000, 0x0000000100000000)
  region size 1024K, 23 young (23552K), 0 survivors (0K)
 Metaspace       used 3961K, committed 4096K, reserved 1114112K
  class space    used 459K, committed 512K, reserved 1048576K
}
Event: 1.213 GC heap after
{Heap after GC invocations=1 (full 0):
 garbage-first heap   total 129024K, used 2730K [0x0000000082800000, 0x0000000100000000)
  region size 1024K, 3 young (3072K), 3 survivors (3072K)
 Metaspace       used 3961K, committed 4096K, reserved 1114112K
  class space    used 459K, committed 512K, reserved 1048576K
}
Event: 3.122 GC heap before
{Heap before GC invocations=1 (full 0):
 garbage-first heap   total 129024K, used 46762K [0x0000000082800000, 0x0000000100000000)
  region size 1024K, 37 young (37888K), 3 survivors (3072K)
 Metaspace       used 13502K, committed 13824K, reserved 1114112K
  class space    used 1670K, committed 1792K, reserved 1048576K
}
Event: 3.130 GC heap after
{Heap after GC invocations=2 (full 0):
 garbage-first heap   total 129024K, used 18883K [0x0000000082800000, 0x0000000100000000)
  region size 1024K, 5 young (5120K), 5 survivors (5120K)
 Metaspace       used 13502K, committed 13824K, reserved 1114112K
  class space    used 1670K, committed 1792K, reserved 1048576K
}
Event: 3.437 GC heap before
{Heap before GC invocations=2 (full 0):
 garbage-first heap   total 129024K, used 73155K [0x0000000082800000, 0x0000000100000000)
  region size 1024K, 18 young (18432K), 5 survivors (5120K)
 Metaspace       used 14183K, committed 14464K, reserved 1114112K
  class space    used 1785K, committed 1920K, reserved 1048576K
}
Event: 3.444 GC heap after
{Heap after GC invocations=3 (full 0):
 garbage-first heap   total 129024K, used 63615K [0x0000000082800000, 0x0000000100000000)
  region size 1024K, 5 young (5120K), 5 survivors (5120K)
 Metaspace       used 14183K, committed 14464K, reserved 1114112K
  class space    used 1785K, committed 1920K, reserved 1048576K
}
Event: 3.611 GC heap before
{Heap before GC invocations=4 (full 0):
 garbage-first heap   total 134144K, used 132223K [0x0000000082800000, 0x0000000100000000)
  region size 1024K, 15 young (15360K), 5 survivors (5120K)
 Metaspace       used 14183K, committed 14464K, reserved 1114112K
  class space    used 1785K, committed 1920K, reserved 1048576K
}
Event: 3.616 GC heap after
{Heap after GC invocations=5 (full 0):
 garbage-first heap   total 138240K, used 122796K [0x0000000082800000, 0x0000000100000000)
  region size 1024K, 1 young (1024K), 1 survivors (1024K)
 Metaspace       used 14183K, committed 14464K, reserved 1114112K
  class space    used 1785K, committed 1920K, reserved 1048576K
}
Event: 3.663 GC heap before
{Heap before GC invocations=5 (full 0):
 garbage-first heap   total 143360K, used 143276K [0x0000000082800000, 0x0000000100000000)
  region size 1024K, 4 young (4096K), 1 survivors (1024K)
 Metaspace       used 14183K, committed 14464K, reserved 1114112K
  class space    used 1785K, committed 1920K, reserved 1048576K
}
Event: 3.669 GC heap after
{Heap after GC invocations=6 (full 0):
 garbage-first heap   total 146432K, used 140047K [0x0000000082800000, 0x0000000100000000)
  region size 1024K, 1 young (1024K), 1 survivors (1024K)
 Metaspace       used 14183K, committed 14464K, reserved 1114112K
  class space    used 1785K, committed 1920K, reserved 1048576K
}
Event: 3.671 GC heap before
{Heap before GC invocations=6 (full 0):
 garbage-first heap   total 146432K, used 140047K [0x0000000082800000, 0x0000000100000000)
  region size 1024K, 2 young (2048K), 1 survivors (1024K)
 Metaspace       used 14183K, committed 14464K, reserved 1114112K
  class space    used 1785K, committed 1920K, reserved 1048576K
}
Event: 3.673 GC heap after
{Heap after GC invocations=7 (full 0):
 garbage-first heap   total 146432K, used 140156K [0x0000000082800000, 0x0000000100000000)
  region size 1024K, 1 young (1024K), 1 survivors (1024K)
 Metaspace       used 14183K, committed 14464K, reserved 1114112K
  class space    used 1785K, committed 1920K, reserved 1048576K
}
Event: 3.956 GC heap before
{Heap before GC invocations=8 (full 0):
 garbage-first heap   total 245760K, used 164732K [0x0000000082800000, 0x0000000100000000)
  region size 1024K, 5 young (5120K), 1 survivors (1024K)
 Metaspace       used 14279K, committed 14656K, reserved 1114112K
  class space    used 1820K, committed 1984K, reserved 1048576K
}
Event: 3.957 GC heap after
{Heap after GC invocations=9 (full 0):
 garbage-first heap   total 245760K, used 161655K [0x0000000082800000, 0x0000000100000000)
  region size 1024K, 1 young (1024K), 1 survivors (1024K)
 Metaspace       used 14279K, committed 14656K, reserved 1114112K
  class space    used 1820K, committed 1984K, reserved 1048576K
}

