# JRE version: OpenJDK Runtime Environment (21.0+35) (build 21+35-2513)
# Java VM: OpenJDK 64-Bit Server VM (21+35-2513, mixed mode, sharing, tiered, compressed oops, compressed class ptrs, g1 gc, windows-amd64)
GC Precious Log:
 CardTable entry size: 512
 Card Set container configuration: InlinePtr #cards 5 size 8 Array Of Cards #cards 12 size 40 Howl #buckets 4 coarsen threshold 1843 Howl Bitmap #cards 512 size 80 coarsen threshold 460 Card regions per heap region 1 cards per card region 2048
 CPUs: 8 total, 8 available
 Memory: 8027M
 Large Page Support: Disabled
 NUMA Support: Disabled
 Compressed Oops: Enabled (32-bit)
 Heap Region Size: 1M
 Heap Min Capacity: 8M
 Heap Initial Capacity: 126M
 Heap Max Capacity: 2008M
 Pre-touch: Disabled
 Parallel Workers: 8
 Concurrent Workers: 2
 Concurrent Refinement Workers: 8
 Periodic GC: Disabled
Heap:
 garbage-first heap   total 169984K, used 144039K [0x0000000082800000, 0x0000000100000000)
  region size 1024K, 3 young (3072K), 1 survivors (1024K)
 Metaspace       used 13913K, committed 14208K, reserved 1114112K
  class space    used 1799K, committed 1920K, reserved 1048576K
GC Heap History (16 events):
Event: 0.845 GC heap before
{Heap before GC invocations=0 (full 0):
 garbage-first heap   total 129024K, used 22528K [0x0000000082800000, 0x0000000100000000)
  region size 1024K, 23 young (23552K), 0 survivors (0K)
 Metaspace       used 4035K, committed 4224K, reserved 1114112K
  class space    used 473K, committed 576K, reserved 1048576K
}
Event: 0.849 GC heap after
{Heap after GC invocations=1 (full 0):
 garbage-first heap   total 129024K, used 2776K [0x0000000082800000, 0x0000000100000000)
  region size 1024K, 3 young (3072K), 3 survivors (3072K)
 Metaspace       used 4035K, committed 4224K, reserved 1114112K
  class space    used 473K, committed 576K, reserved 1048576K
}
Event: 1.883 GC heap before
{Heap before GC invocations=1 (full 0):
 garbage-first heap   total 129024K, used 47832K [0x0000000082800000, 0x0000000100000000)
  region size 1024K, 37 young (37888K), 3 survivors (3072K)
 Metaspace       used 13451K, committed 13760K, reserved 1114112K
  class space    used 1705K, committed 1856K, reserved 1048576K
}
Event: 1.891 GC heap after
{Heap after GC invocations=2 (full 0):
 garbage-first heap   total 129024K, used 19241K [0x0000000082800000, 0x0000000100000000)
  region size 1024K, 5 young (5120K), 5 survivors (5120K)
 Metaspace       used 13451K, committed 13760K, reserved 1114112K
  class space    used 1705K, committed 1856K, reserved 1048576K
}
Event: 2.104 GC heap before
{Heap before GC invocations=2 (full 0):
 garbage-first heap   total 129024K, used 71465K [0x0000000082800000, 0x0000000100000000)
  region size 1024K, 16 young (16384K), 5 survivors (5120K)
 Metaspace       used 13913K, committed 14208K, reserved 1114112K
  class space    used 1799K, committed 1920K, reserved 1048576K
}
Event: 2.109 GC heap after
{Heap after GC invocations=3 (full 0):
 garbage-first heap   total 129024K, used 63469K [0x0000000082800000, 0x0000000100000000)
  region size 1024K, 7 young (7168K), 7 survivors (7168K)
 Metaspace       used 13913K, committed 14208K, reserved 1114112K
  class space    used 1799K, committed 1920K, reserved 1048576K
}
Event: 2.111 GC heap before
{Heap before GC invocations=3 (full 0):
 garbage-first heap   total 129024K, used 64493K [0x0000000082800000, 0x0000000100000000)
  region size 1024K, 8 young (8192K), 7 survivors (7168K)
 Metaspace       used 13913K, committed 14208K, reserved 1114112K
  class space    used 1799K, committed 1920K, reserved 1048576K
}
Event: 2.115 GC heap after
{Heap after GC invocations=4 (full 0):
 garbage-first heap   total 129024K, used 64781K [0x0000000082800000, 0x0000000100000000)
  region size 1024K, 1 young (1024K), 1 survivors (1024K)
 Metaspace       used 13913K, committed 14208K, reserved 1114112K
  class space    used 1799K, committed 1920K, reserved 1048576K
}
Event: 2.128 GC heap before
{Heap before GC invocations=5 (full 0):
 garbage-first heap   total 129024K, used 69901K [0x0000000082800000, 0x0000000100000000)
  region size 1024K, 2 young (2048K), 1 survivors (1024K)
 Metaspace       used 13913K, committed 14208K, reserved 1114112K
  class space    used 1799K, committed 1920K, reserved 1048576K
}
Event: 2.129 GC heap after
{Heap after GC invocations=6 (full 0):
 garbage-first heap   total 129024K, used 69598K [0x0000000082800000, 0x0000000100000000)
  region size 1024K, 1 young (1024K), 1 survivors (1024K)
 Metaspace       used 13913K, committed 14208K, reserved 1114112K
  class space    used 1799K, committed 1920K, reserved 1048576K
}
Event: 2.208 GC heap before
{Heap before GC invocations=7 (full 0):
 garbage-first heap   total 135168K, used 133086K [0x0000000082800000, 0x0000000100000000)
  region size 1024K, 10 young (10240K), 1 survivors (1024K)
 Metaspace       used 13913K, committed 14208K, reserved 1114112K
  class space    used 1799K, committed 1920K, reserved 1048576K
}
Event: 2.209 GC heap after
{Heap after GC invocations=8 (full 0):
 garbage-first heap   total 136192K, used 124697K [0x0000000082800000, 0x0000000100000000)
  region size 1024K, 1 young (1024K), 1 survivors (1024K)
 Metaspace       used 13913K, committed 14208K, reserved 1114112K
  class space    used 1799K, committed 1920K, reserved 1048576K
}
Event: 2.224 GC heap before
{Heap before GC invocations=8 (full 0):
 garbage-first heap   total 139264K, used 136985K [0x0000000082800000, 0x0000000100000000)
  region size 1024K, 3 young (3072K), 1 survivors (1024K)
 Metaspace       used 13913K, committed 14208K, reserved 1114112K
  class space    used 1799K, committed 1920K, reserved 1048576K
}
Event: 2.226 GC heap after
{Heap after GC invocations=9 (full 0):
 garbage-first heap   total 169984K, used 135724K [0x0000000082800000, 0x0000000100000000)
  region size 1024K, 1 young (1024K), 1 survivors (1024K)
 Metaspace       used 13913K, committed 14208K, reserved 1114112K
  class space    used 1799K, committed 1920K, reserved 1048576K
}
Event: 2.227 GC heap before
{Heap before GC invocations=9 (full 0):
 garbage-first heap   total 169984K, used 135724K [0x0000000082800000, 0x0000000100000000)
  region size 1024K, 2 young (2048K), 1 survivors (1024K)
 Metaspace       used 13913K, committed 14208K, reserved 1114112K
  class space    used 1799K, committed 1920K, reserved 1048576K
}
Event: 2.228 GC heap after
{Heap after GC invocations=10 (full 0):
 garbage-first heap   total 169984K, used 135847K [0x0000000082800000, 0x0000000100000000)
  region size 1024K, 1 young (1024K), 1 survivors (1024K)
 Metaspace       used 13913K, committed 14208K, reserved 1114112K
  class space    used 1799K, committed 1920K, reserved 1048576K
}

