# JRE version: OpenJDK Runtime Environment (21.0+35) (build 21+35-2513)
# Java VM: OpenJDK 64-Bit Server VM (21+35-2513, mixed mode, sharing, tiered, compressed oops, compressed class ptrs, g1 gc, windows-amd64)
GC Precious Log:
 CardTable entry size: 512
 Card Set container configuration: InlinePtr #cards 5 size 8 Array Of Cards #cards 12 size 40 Howl #buckets 4 coarsen threshold 1843 Howl Bitmap #cards 512 size 80 coarsen threshold 460 Card regions per heap region 1 cards per card region 2048
 CPUs: 8 total, 8 available
 Memory: 8027M
 Large Page Support: Disabled
 NUMA Support: Disabled
 Compressed Oops: Enabled (32-bit)
 Heap Region Size: 1M
 Heap Min Capacity: 8M
 Heap Initial Capacity: 126M
 Heap Max Capacity: 2008M
 Pre-touch: Disabled
 Parallel Workers: 8
 Concurrent Workers: 2
 Concurrent Refinement Workers: 8
 Periodic GC: Disabled
Heap:
 garbage-first heap   total 232448K, used 180696K [0x0000000082800000, 0x0000000100000000)
  region size 1024K, 2 young (2048K), 1 survivors (1024K)
 Metaspace       used 23305K, committed 23616K, reserved 1114112K
  class space    used 3208K, committed 3328K, reserved 1048576K
GC Heap History (20 events):
Event: 0.848 GC heap before
{Heap before GC invocations=0 (full 0):
 garbage-first heap   total 129024K, used 22528K [0x0000000082800000, 0x0000000100000000)
  region size 1024K, 23 young (23552K), 0 survivors (0K)
 Metaspace       used 4092K, committed 4288K, reserved 1114112K
  class space    used 476K, committed 576K, reserved 1048576K
}
Event: 0.852 GC heap after
{Heap after GC invocations=1 (full 0):
 garbage-first heap   total 129024K, used 2687K [0x0000000082800000, 0x0000000100000000)
  region size 1024K, 3 young (3072K), 3 survivors (3072K)
 Metaspace       used 4092K, committed 4288K, reserved 1114112K
  class space    used 476K, committed 576K, reserved 1048576K
}
Event: 2.065 GC heap before
{Heap before GC invocations=1 (full 0):
 garbage-first heap   total 129024K, used 47743K [0x0000000082800000, 0x0000000100000000)
  region size 1024K, 37 young (37888K), 3 survivors (3072K)
 Metaspace       used 13487K, committed 13760K, reserved 1114112K
  class space    used 1720K, committed 1856K, reserved 1048576K
}
Event: 2.071 GC heap after
{Heap after GC invocations=2 (full 0):
 garbage-first heap   total 129024K, used 19943K [0x0000000082800000, 0x0000000100000000)
  region size 1024K, 5 young (5120K), 5 survivors (5120K)
 Metaspace       used 13487K, committed 13760K, reserved 1114112K
  class space    used 1720K, committed 1856K, reserved 1048576K
}
Event: 2.258 GC heap before
{Heap before GC invocations=2 (full 0):
 garbage-first heap   total 129024K, used 71143K [0x0000000082800000, 0x0000000100000000)
  region size 1024K, 16 young (16384K), 5 survivors (5120K)
 Metaspace       used 13885K, committed 14208K, reserved 1114112K
  class space    used 1800K, committed 1920K, reserved 1048576K
}
Event: 2.262 GC heap after
{Heap after GC invocations=3 (full 0):
 garbage-first heap   total 129024K, used 62658K [0x0000000082800000, 0x0000000100000000)
  region size 1024K, 6 young (6144K), 6 survivors (6144K)
 Metaspace       used 13885K, committed 14208K, reserved 1114112K
  class space    used 1800K, committed 1920K, reserved 1048576K
}
Event: 2.264 GC heap before
{Heap before GC invocations=3 (full 0):
 garbage-first heap   total 129024K, used 63682K [0x0000000082800000, 0x0000000100000000)
  region size 1024K, 7 young (7168K), 6 survivors (6144K)
 Metaspace       used 13885K, committed 14208K, reserved 1114112K
  class space    used 1800K, committed 1920K, reserved 1048576K
}
Event: 2.267 GC heap after
{Heap after GC invocations=4 (full 0):
 garbage-first heap   total 129024K, used 63910K [0x0000000082800000, 0x0000000100000000)
  region size 1024K, 1 young (1024K), 1 survivors (1024K)
 Metaspace       used 13885K, committed 14208K, reserved 1114112K
  class space    used 1800K, committed 1920K, reserved 1048576K
}
Event: 2.348 GC heap before
{Heap before GC invocations=5 (full 0):
 garbage-first heap   total 129024K, used 128422K [0x0000000082800000, 0x0000000100000000)
  region size 1024K, 10 young (10240K), 1 survivors (1024K)
 Metaspace       used 13885K, committed 14208K, reserved 1114112K
  class space    used 1800K, committed 1920K, reserved 1048576K
}
Event: 2.349 GC heap after
{Heap after GC invocations=6 (full 0):
 garbage-first heap   total 130048K, used 118749K [0x0000000082800000, 0x0000000100000000)
  region size 1024K, 1 young (1024K), 1 survivors (1024K)
 Metaspace       used 13885K, committed 14208K, reserved 1114112K
  class space    used 1800K, committed 1920K, reserved 1048576K
}
Event: 2.364 GC heap before
{Heap before GC invocations=6 (full 0):
 garbage-first heap   total 134144K, used 133085K [0x0000000082800000, 0x0000000100000000)
  region size 1024K, 3 young (3072K), 1 survivors (1024K)
 Metaspace       used 13885K, committed 14208K, reserved 1114112K
  class space    used 1800K, committed 1920K, reserved 1048576K
}
Event: 2.366 GC heap after
{Heap after GC invocations=7 (full 0):
 garbage-first heap   total 136192K, used 130996K [0x0000000082800000, 0x0000000100000000)
  region size 1024K, 1 young (1024K), 1 survivors (1024K)
 Metaspace       used 13885K, committed 14208K, reserved 1114112K
  class space    used 1800K, committed 1920K, reserved 1048576K
}
Event: 2.367 GC heap before
{Heap before GC invocations=7 (full 0):
 garbage-first heap   total 136192K, used 130996K [0x0000000082800000, 0x0000000100000000)
  region size 1024K, 2 young (2048K), 1 survivors (1024K)
 Metaspace       used 13885K, committed 14208K, reserved 1114112K
  class space    used 1800K, committed 1920K, reserved 1048576K
}
Event: 2.369 GC heap after
{Heap after GC invocations=8 (full 0):
 garbage-first heap   total 195584K, used 130964K [0x0000000082800000, 0x0000000100000000)
  region size 1024K, 1 young (1024K), 1 survivors (1024K)
 Metaspace       used 13885K, committed 14208K, reserved 1114112K
  class space    used 1800K, committed 1920K, reserved 1048576K
}
Event: 3.601 GC heap before
{Heap before GC invocations=9 (full 0):
 garbage-first heap   total 232448K, used 215956K [0x0000000082800000, 0x0000000100000000)
  region size 1024K, 49 young (50176K), 1 survivors (1024K)
 Metaspace       used 20062K, committed 20416K, reserved 1114112K
  class space    used 2986K, committed 3136K, reserved 1048576K
}
Event: 3.609 GC heap after
{Heap after GC invocations=10 (full 0):
 garbage-first heap   total 232448K, used 175070K [0x0000000082800000, 0x0000000100000000)
  region size 1024K, 7 young (7168K), 7 survivors (7168K)
 Metaspace       used 20062K, committed 20416K, reserved 1114112K
  class space    used 2986K, committed 3136K, reserved 1048576K
}
Event: 6.985 GC heap before
{Heap before GC invocations=10 (full 0):
 garbage-first heap   total 232448K, used 213982K [0x0000000082800000, 0x0000000100000000)
  region size 1024K, 44 young (45056K), 7 survivors (7168K)
 Metaspace       used 22938K, committed 23232K, reserved 1114112K
  class space    used 3203K, committed 3328K, reserved 1048576K
}
Event: 7.000 GC heap after
{Heap after GC invocations=11 (full 0):
 garbage-first heap   total 232448K, used 180469K [0x0000000082800000, 0x0000000100000000)
  region size 1024K, 4 young (4096K), 4 survivors (4096K)
 Metaspace       used 22938K, committed 23232K, reserved 1114112K
  class space    used 3203K, committed 3328K, reserved 1048576K
}
Event: 10.858 GC heap before
{Heap before GC invocations=11 (full 0):
 garbage-first heap   total 232448K, used 215285K [0x0000000082800000, 0x0000000100000000)
  region size 1024K, 38 young (38912K), 4 survivors (4096K)
 Metaspace       used 23304K, committed 23616K, reserved 1114112K
  class space    used 3208K, committed 3328K, reserved 1048576K
}
Event: 10.864 GC heap after
{Heap after GC invocations=12 (full 0):
 garbage-first heap   total 232448K, used 180696K [0x0000000082800000, 0x0000000100000000)
  region size 1024K, 1 young (1024K), 1 survivors (1024K)
 Metaspace       used 23304K, committed 23616K, reserved 1114112K
  class space    used 3208K, committed 3328K, reserved 1048576K
}

