# JRE version: OpenJDK Runtime Environment (21.0+35) (build 21+35-2513)
# Java VM: OpenJDK 64-Bit Server VM (21+35-2513, mixed mode, sharing, tiered, compressed oops, compressed class ptrs, g1 gc, windows-amd64)
GC Precious Log:
 CardTable entry size: 512
 Card Set container configuration: InlinePtr #cards 5 size 8 Array Of Cards #cards 12 size 40 Howl #buckets 4 coarsen threshold 1843 Howl Bitmap #cards 512 size 80 coarsen threshold 460 Card regions per heap region 1 cards per card region 2048
 CPUs: 8 total, 8 available
 Memory: 8027M
 Large Page Support: Disabled
 NUMA Support: Disabled
 Compressed Oops: Enabled (32-bit)
 Heap Region Size: 1M
 Heap Min Capacity: 8M
 Heap Initial Capacity: 126M
 Heap Max Capacity: 2008M
 Pre-touch: Disabled
 Parallel Workers: 8
 Concurrent Workers: 2
 Concurrent Refinement Workers: 8
 Periodic GC: Disabled
Heap:
 garbage-first heap   total 279552K, used 221005K [0x0000000082800000, 0x0000000100000000)
  region size 1024K, 59 young (60416K), 1 survivors (1024K)
 Metaspace       used 22561K, committed 22848K, reserved 1114112K
  class space    used 3191K, committed 3328K, reserved 1048576K
GC Heap History (16 events):
Event: 0.925 GC heap before
{Heap before GC invocations=0 (full 0):
 garbage-first heap   total 129024K, used 22528K [0x0000000082800000, 0x0000000100000000)
  region size 1024K, 23 young (23552K), 0 survivors (0K)
 Metaspace       used 4034K, committed 4224K, reserved 1114112K
  class space    used 472K, committed 576K, reserved 1048576K
}
Event: 0.929 GC heap after
{Heap after GC invocations=1 (full 0):
 garbage-first heap   total 129024K, used 3157K [0x0000000082800000, 0x0000000100000000)
  region size 1024K, 3 young (3072K), 3 survivors (3072K)
 Metaspace       used 4034K, committed 4224K, reserved 1114112K
  class space    used 472K, committed 576K, reserved 1048576K
}
Event: 2.316 GC heap before
{Heap before GC invocations=1 (full 0):
 garbage-first heap   total 129024K, used 48213K [0x0000000082800000, 0x0000000100000000)
  region size 1024K, 37 young (37888K), 3 survivors (3072K)
 Metaspace       used 13479K, committed 13824K, reserved 1114112K
  class space    used 1709K, committed 1856K, reserved 1048576K
}
Event: 2.322 GC heap after
{Heap after GC invocations=2 (full 0):
 garbage-first heap   total 129024K, used 19541K [0x0000000082800000, 0x0000000100000000)
  region size 1024K, 5 young (5120K), 5 survivors (5120K)
 Metaspace       used 13479K, committed 13824K, reserved 1114112K
  class space    used 1709K, committed 1856K, reserved 1048576K
}
Event: 2.539 GC heap before
{Heap before GC invocations=2 (full 0):
 garbage-first heap   total 129024K, used 70741K [0x0000000082800000, 0x0000000100000000)
  region size 1024K, 16 young (16384K), 5 survivors (5120K)
 Metaspace       used 13924K, committed 14208K, reserved 1114112K
  class space    used 1798K, committed 1920K, reserved 1048576K
}
Event: 2.544 GC heap after
{Heap after GC invocations=3 (full 0):
 garbage-first heap   total 129024K, used 62232K [0x0000000082800000, 0x0000000100000000)
  region size 1024K, 6 young (6144K), 6 survivors (6144K)
 Metaspace       used 13924K, committed 14208K, reserved 1114112K
  class space    used 1798K, committed 1920K, reserved 1048576K
}
Event: 2.547 GC heap before
{Heap before GC invocations=3 (full 0):
 garbage-first heap   total 129024K, used 63256K [0x0000000082800000, 0x0000000100000000)
  region size 1024K, 7 young (7168K), 6 survivors (6144K)
 Metaspace       used 13924K, committed 14208K, reserved 1114112K
  class space    used 1798K, committed 1920K, reserved 1048576K
}
Event: 2.552 GC heap after
{Heap after GC invocations=4 (full 0):
 garbage-first heap   total 129024K, used 63864K [0x0000000082800000, 0x0000000100000000)
  region size 1024K, 2 young (2048K), 2 survivors (2048K)
 Metaspace       used 13924K, committed 14208K, reserved 1114112K
  class space    used 1798K, committed 1920K, reserved 1048576K
}
Event: 2.659 GC heap before
{Heap before GC invocations=5 (full 0):
 garbage-first heap   total 130048K, used 128376K [0x0000000082800000, 0x0000000100000000)
  region size 1024K, 11 young (11264K), 2 survivors (2048K)
 Metaspace       used 13924K, committed 14208K, reserved 1114112K
  class space    used 1798K, committed 1920K, reserved 1048576K
}
Event: 2.659 GC heap after
{Heap after GC invocations=6 (full 0):
 garbage-first heap   total 131072K, used 118475K [0x0000000082800000, 0x0000000100000000)
  region size 1024K, 1 young (1024K), 1 survivors (1024K)
 Metaspace       used 13924K, committed 14208K, reserved 1114112K
  class space    used 1798K, committed 1920K, reserved 1048576K
}
Event: 2.681 GC heap before
{Heap before GC invocations=6 (full 0):
 garbage-first heap   total 134144K, used 132811K [0x0000000082800000, 0x0000000100000000)
  region size 1024K, 3 young (3072K), 1 survivors (1024K)
 Metaspace       used 13924K, committed 14208K, reserved 1114112K
  class space    used 1798K, committed 1920K, reserved 1048576K
}
Event: 2.682 GC heap after
{Heap after GC invocations=7 (full 0):
 garbage-first heap   total 136192K, used 131054K [0x0000000082800000, 0x0000000100000000)
  region size 1024K, 1 young (1024K), 1 survivors (1024K)
 Metaspace       used 13924K, committed 14208K, reserved 1114112K
  class space    used 1798K, committed 1920K, reserved 1048576K
}
Event: 2.684 GC heap before
{Heap before GC invocations=7 (full 0):
 garbage-first heap   total 136192K, used 131054K [0x0000000082800000, 0x0000000100000000)
  region size 1024K, 2 young (2048K), 1 survivors (1024K)
 Metaspace       used 13924K, committed 14208K, reserved 1114112K
  class space    used 1798K, committed 1920K, reserved 1048576K
}
Event: 2.685 GC heap after
{Heap after GC invocations=8 (full 0):
 garbage-first heap   total 136192K, used 131025K [0x0000000082800000, 0x0000000100000000)
  region size 1024K, 1 young (1024K), 1 survivors (1024K)
 Metaspace       used 13924K, committed 14208K, reserved 1114112K
  class space    used 1798K, committed 1920K, reserved 1048576K
}
Event: 2.719 GC heap before
{Heap before GC invocations=9 (full 0):
 garbage-first heap   total 230400K, used 151505K [0x0000000082800000, 0x0000000100000000)
  region size 1024K, 4 young (4096K), 1 survivors (1024K)
 Metaspace       used 13924K, committed 14208K, reserved 1114112K
  class space    used 1798K, committed 1920K, reserved 1048576K
}
Event: 2.720 GC heap after
{Heap after GC invocations=10 (full 0):
 garbage-first heap   total 279552K, used 149325K [0x0000000082800000, 0x0000000100000000)
  region size 1024K, 1 young (1024K), 1 survivors (1024K)
 Metaspace       used 13924K, committed 14208K, reserved 1114112K
  class space    used 1798K, committed 1920K, reserved 1048576K
}

