# JRE version: OpenJDK Runtime Environment (21.0+35) (build 21+35-2513)
# Java VM: OpenJDK 64-Bit Server VM (21+35-2513, mixed mode, sharing, tiered, compressed oops, compressed class ptrs, g1 gc, windows-amd64)
GC Precious Log:
 CardTable entry size: 512
 Card Set container configuration: InlinePtr #cards 5 size 8 Array Of Cards #cards 12 size 40 Howl #buckets 4 coarsen threshold 1843 Howl Bitmap #cards 512 size 80 coarsen threshold 460 Card regions per heap region 1 cards per card region 2048
 CPUs: 8 total, 8 available
 Memory: 8027M
 Large Page Support: Disabled
 NUMA Support: Disabled
 Compressed Oops: Enabled (32-bit)
 Heap Region Size: 1M
 Heap Min Capacity: 8M
 Heap Initial Capacity: 126M
 Heap Max Capacity: 2008M
 Pre-touch: Disabled
 Parallel Workers: 8
 Concurrent Workers: 2
 Concurrent Refinement Workers: 8
 Periodic GC: Disabled
Heap:
 garbage-first heap   total 404480K, used 223163K [0x0000000082800000, 0x0000000100000000)
  region size 1024K, 2 young (2048K), 2 survivors (2048K)
 Metaspace       used 23894K, committed 24256K, reserved 1114112K
  class space    used 3262K, committed 3456K, reserved 1048576K
GC Heap History (20 events):
Event: 2.420 GC heap after
{Heap after GC invocations=11 (full 0):
 garbage-first heap   total 309248K, used 140587K [0x0000000082800000, 0x0000000100000000)
  region size 1024K, 1 young (1024K), 1 survivors (1024K)
 Metaspace       used 13887K, committed 14208K, reserved 1114112K
  class space    used 1805K, committed 1920K, reserved 1048576K
}
Event: 2.432 GC heap before
{Heap before GC invocations=12 (full 0):
 garbage-first heap   total 309248K, used 149803K [0x0000000082800000, 0x0000000100000000)
  region size 1024K, 3 young (3072K), 1 survivors (1024K)
 Metaspace       used 13887K, committed 14208K, reserved 1114112K
  class space    used 1805K, committed 1920K, reserved 1048576K
}
Event: 2.433 GC heap after
{Heap after GC invocations=13 (full 0):
 garbage-first heap   total 309248K, used 148773K [0x0000000082800000, 0x0000000100000000)
  region size 1024K, 1 young (1024K), 1 survivors (1024K)
 Metaspace       used 13887K, committed 14208K, reserved 1114112K
  class space    used 1805K, committed 1920K, reserved 1048576K
}
Event: 2.444 GC heap before
{Heap before GC invocations=14 (full 0):
 garbage-first heap   total 309248K, used 156965K [0x0000000082800000, 0x0000000100000000)
  region size 1024K, 3 young (3072K), 1 survivors (1024K)
 Metaspace       used 13887K, committed 14208K, reserved 1114112K
  class space    used 1805K, committed 1920K, reserved 1048576K
}
Event: 2.445 GC heap after
{Heap after GC invocations=15 (full 0):
 garbage-first heap   total 309248K, used 155939K [0x0000000082800000, 0x0000000100000000)
  region size 1024K, 1 young (1024K), 1 survivors (1024K)
 Metaspace       used 13887K, committed 14208K, reserved 1114112K
  class space    used 1805K, committed 1920K, reserved 1048576K
}
Event: 2.584 GC heap before
{Heap before GC invocations=16 (full 0):
 garbage-first heap   total 309248K, used 160035K [0x0000000082800000, 0x0000000100000000)
  region size 1024K, 3 young (3072K), 1 survivors (1024K)
 Metaspace       used 13966K, committed 14272K, reserved 1114112K
  class space    used 1845K, committed 1984K, reserved 1048576K
}
Event: 2.586 GC heap after
{Heap after GC invocations=17 (full 0):
 garbage-first heap   total 309248K, used 157971K [0x0000000082800000, 0x0000000100000000)
  region size 1024K, 1 young (1024K), 1 survivors (1024K)
 Metaspace       used 13966K, committed 14272K, reserved 1114112K
  class space    used 1845K, committed 1984K, reserved 1048576K
}
Event: 2.604 GC heap before
{Heap before GC invocations=18 (full 0):
 garbage-first heap   total 309248K, used 160019K [0x0000000082800000, 0x0000000100000000)
  region size 1024K, 3 young (3072K), 1 survivors (1024K)
 Metaspace       used 13984K, committed 14272K, reserved 1114112K
  class space    used 1845K, committed 1984K, reserved 1048576K
}
Event: 2.606 GC heap after
{Heap after GC invocations=19 (full 0):
 garbage-first heap   total 404480K, used 159116K [0x0000000082800000, 0x0000000100000000)
  region size 1024K, 1 young (1024K), 1 survivors (1024K)
 Metaspace       used 13984K, committed 14272K, reserved 1114112K
  class space    used 1845K, committed 1984K, reserved 1048576K
}
Event: 26.265 GC heap before
{Heap before GC invocations=19 (full 0):
 garbage-first heap   total 404480K, used 242060K [0x0000000082800000, 0x0000000100000000)
  region size 1024K, 70 young (71680K), 1 survivors (1024K)
 Metaspace       used 23316K, committed 23680K, reserved 1114112K
  class space    used 3235K, committed 3392K, reserved 1048576K
}
Event: 26.273 GC heap after
{Heap after GC invocations=20 (full 0):
 garbage-first heap   total 404480K, used 175774K [0x0000000082800000, 0x0000000100000000)
  region size 1024K, 10 young (10240K), 10 survivors (10240K)
 Metaspace       used 23316K, committed 23680K, reserved 1114112K
  class space    used 3235K, committed 3392K, reserved 1048576K
}
Event: 42.165 GC heap before
{Heap before GC invocations=21 (full 0):
 garbage-first heap   total 404480K, used 213662K [0x0000000082800000, 0x0000000100000000)
  region size 1024K, 32 young (32768K), 10 survivors (10240K)
 Metaspace       used 23806K, committed 24192K, reserved 1114112K
  class space    used 3261K, committed 3456K, reserved 1048576K
}
Event: 42.172 GC heap after
{Heap after GC invocations=22 (full 0):
 garbage-first heap   total 404480K, used 179446K [0x0000000082800000, 0x0000000100000000)
  region size 1024K, 11 young (11264K), 11 survivors (11264K)
 Metaspace       used 23806K, committed 24192K, reserved 1114112K
  class space    used 3261K, committed 3456K, reserved 1048576K
}
Event: 42.288 GC heap before
{Heap before GC invocations=22 (full 0):
 garbage-first heap   total 404480K, used 194806K [0x0000000082800000, 0x0000000100000000)
  region size 1024K, 15 young (15360K), 11 survivors (11264K)
 Metaspace       used 23891K, committed 24256K, reserved 1114112K
  class space    used 3262K, committed 3456K, reserved 1048576K
}
Event: 42.295 GC heap after
{Heap after GC invocations=23 (full 0):
 garbage-first heap   total 404480K, used 191948K [0x0000000082800000, 0x0000000100000000)
  region size 1024K, 12 young (12288K), 12 survivors (12288K)
 Metaspace       used 23891K, committed 24256K, reserved 1114112K
  class space    used 3262K, committed 3456K, reserved 1048576K
}
Event: 42.296 GC heap before
{Heap before GC invocations=23 (full 0):
 garbage-first heap   total 404480K, used 192972K [0x0000000082800000, 0x0000000100000000)
  region size 1024K, 13 young (13312K), 12 survivors (12288K)
 Metaspace       used 23891K, committed 24256K, reserved 1114112K
  class space    used 3262K, committed 3456K, reserved 1048576K
}
Event: 42.304 GC heap after
{Heap after GC invocations=24 (full 0):
 garbage-first heap   total 404480K, used 193341K [0x0000000082800000, 0x0000000100000000)
  region size 1024K, 3 young (3072K), 3 survivors (3072K)
 Metaspace       used 23891K, committed 24256K, reserved 1114112K
  class space    used 3262K, committed 3456K, reserved 1048576K
}
Event: 42.361 GC heap before
{Heap before GC invocations=25 (full 0):
 garbage-first heap   total 404480K, used 207677K [0x0000000082800000, 0x0000000100000000)
  region size 1024K, 6 young (6144K), 3 survivors (3072K)
 Metaspace       used 23891K, committed 24256K, reserved 1114112K
  class space    used 3262K, committed 3456K, reserved 1048576K
}
Event: 42.363 GC heap after
{Heap after GC invocations=26 (full 0):
 garbage-first heap   total 404480K, used 204791K [0x0000000082800000, 0x0000000100000000)
  region size 1024K, 2 young (2048K), 2 survivors (2048K)
 Metaspace       used 23891K, committed 24256K, reserved 1114112K
  class space    used 3262K, committed 3456K, reserved 1048576K
}
Event: 42.417 GC heap before
{Heap before GC invocations=27 (full 0):
 garbage-first heap   total 404480K, used 226295K [0x0000000082800000, 0x0000000100000000)
  region size 1024K, 6 young (6144K), 2 survivors (2048K)
 Metaspace       used 23894K, committed 24256K, reserved 1114112K
  class space    used 3262K, committed 3456K, reserved 1048576K
}

