# JRE version: OpenJDK Runtime Environment JBR-17.0.9+8-1166.2-nomod (17.0.9+8) (build 17.0.9+8-b1166.2)
# Java VM: OpenJDK 64-Bit Server VM JBR-17.0.9+8-1166.2-nomod (17.0.9+8-b1166.2, mixed mode, tiered, compressed oops, compressed class ptrs, g1 gc, windows-amd64)
GC Precious Log:
 CPUs: 8 total, 8 available
 Memory: 8027M
 Large Page Support: Disabled
 NUMA Support: Disabled
 Compressed Oops: Enabled (32-bit)
 Heap Region Size: 1M
 Heap Min Capacity: 8M
 Heap Initial Capacity: 126M
 Heap Max Capacity: 2008M
 Pre-touch: Disabled
 Parallel Workers: 8
 Concurrent Workers: 2
 Concurrent Refinement Workers: 8
 Periodic GC: Disabled
Heap:
 garbage-first heap   total 79872K, used 42195K [0x0000000082800000, 0x0000000100000000)
  region size 1024K, 25 young (25600K), 6 survivors (6144K)
 Metaspace       used 29493K, committed 29760K, reserved 1114112K
  class space    used 3265K, committed 3392K, reserved 1048576K
GC Heap History (18 events):
Event: 0.677 GC heap before
{Heap before GC invocations=0 (full 0):
 garbage-first heap   total 129024K, used 23552K [0x0000000082800000, 0x0000000100000000)
  region size 1024K, 23 young (23552K), 0 survivors (0K)
 Metaspace       used 14632K, committed 14848K, reserved 1114112K
  class space    used 1512K, committed 1600K, reserved 1048576K
}
Event: 0.682 GC heap after
{Heap after GC invocations=1 (full 0):
 garbage-first heap   total 129024K, used 3855K [0x0000000082800000, 0x0000000100000000)
  region size 1024K, 3 young (3072K), 3 survivors (3072K)
 Metaspace       used 14632K, committed 14848K, reserved 1114112K
  class space    used 1512K, committed 1600K, reserved 1048576K
}
Event: 1.148 GC heap before
{Heap before GC invocations=1 (full 0):
 garbage-first heap   total 129024K, used 35599K [0x0000000082800000, 0x0000000100000000)
  region size 1024K, 34 young (34816K), 3 survivors (3072K)
 Metaspace       used 18930K, committed 19136K, reserved 1114112K
  class space    used 2060K, committed 2176K, reserved 1048576K
}
Event: 1.152 GC heap after
{Heap after GC invocations=2 (full 0):
 garbage-first heap   total 129024K, used 5544K [0x0000000082800000, 0x0000000100000000)
  region size 1024K, 2 young (2048K), 2 survivors (2048K)
 Metaspace       used 18930K, committed 19136K, reserved 1114112K
  class space    used 2060K, committed 2176K, reserved 1048576K
}
Event: 1.384 GC heap before
{Heap before GC invocations=2 (full 0):
 garbage-first heap   total 129024K, used 16808K [0x0000000082800000, 0x0000000100000000)
  region size 1024K, 14 young (14336K), 2 survivors (2048K)
 Metaspace       used 21400K, committed 21504K, reserved 1114112K
  class space    used 2368K, committed 2432K, reserved 1048576K
}
Event: 1.387 GC heap after
{Heap after GC invocations=3 (full 0):
 garbage-first heap   total 129024K, used 7133K [0x0000000082800000, 0x0000000100000000)
  region size 1024K, 4 young (4096K), 4 survivors (4096K)
 Metaspace       used 21400K, committed 21504K, reserved 1114112K
  class space    used 2368K, committed 2432K, reserved 1048576K
}
Event: 1.718 GC heap before
{Heap before GC invocations=4 (full 0):
 garbage-first heap   total 30720K, used 22493K [0x0000000082800000, 0x0000000100000000)
  region size 1024K, 20 young (20480K), 4 survivors (4096K)
 Metaspace       used 24788K, committed 25024K, reserved 1114112K
  class space    used 2784K, committed 2880K, reserved 1048576K
}
Event: 1.723 GC heap after
{Heap after GC invocations=5 (full 0):
 garbage-first heap   total 30720K, used 8388K [0x0000000082800000, 0x0000000100000000)
  region size 1024K, 2 young (2048K), 2 survivors (2048K)
 Metaspace       used 24788K, committed 25024K, reserved 1114112K
  class space    used 2784K, committed 2880K, reserved 1048576K
}
Event: 1.742 GC heap before
{Heap before GC invocations=5 (full 0):
 garbage-first heap   total 30720K, used 9412K [0x0000000082800000, 0x0000000100000000)
  region size 1024K, 3 young (3072K), 2 survivors (2048K)
 Metaspace       used 24892K, committed 25088K, reserved 1114112K
  class space    used 2801K, committed 2880K, reserved 1048576K
}
Event: 1.746 GC heap after
{Heap after GC invocations=6 (full 0):
 garbage-first heap   total 30720K, used 8513K [0x0000000082800000, 0x0000000100000000)
  region size 1024K, 1 young (1024K), 1 survivors (1024K)
 Metaspace       used 24892K, committed 25088K, reserved 1114112K
  class space    used 2801K, committed 2880K, reserved 1048576K
}
Event: 1.935 GC heap before
{Heap before GC invocations=6 (full 0):
 garbage-first heap   total 30720K, used 21825K [0x0000000082800000, 0x0000000100000000)
  region size 1024K, 14 young (14336K), 1 survivors (1024K)
 Metaspace       used 25347K, committed 25536K, reserved 1114112K
  class space    used 2839K, committed 2944K, reserved 1048576K
}
Event: 1.937 GC heap after
{Heap after GC invocations=7 (full 0):
 garbage-first heap   total 30720K, used 9310K [0x0000000082800000, 0x0000000100000000)
  region size 1024K, 2 young (2048K), 2 survivors (2048K)
 Metaspace       used 25347K, committed 25536K, reserved 1114112K
  class space    used 2839K, committed 2944K, reserved 1048576K
}
Event: 2.109 GC heap before
{Heap before GC invocations=7 (full 0):
 garbage-first heap   total 30720K, used 22622K [0x0000000082800000, 0x0000000100000000)
  region size 1024K, 15 young (15360K), 2 survivors (2048K)
 Metaspace       used 25516K, committed 25728K, reserved 1114112K
  class space    used 2842K, committed 2944K, reserved 1048576K
}
Event: 2.112 GC heap after
{Heap after GC invocations=8 (full 0):
 garbage-first heap   total 79872K, used 10388K [0x0000000082800000, 0x0000000100000000)
  region size 1024K, 2 young (2048K), 2 survivors (2048K)
 Metaspace       used 25516K, committed 25728K, reserved 1114112K
  class space    used 2842K, committed 2944K, reserved 1048576K
}
Event: 2.798 GC heap before
{Heap before GC invocations=8 (full 0):
 garbage-first heap   total 79872K, used 55444K [0x0000000082800000, 0x0000000100000000)
  region size 1024K, 46 young (47104K), 2 survivors (2048K)
 Metaspace       used 27645K, committed 27840K, reserved 1114112K
  class space    used 3023K, committed 3136K, reserved 1048576K
}
Event: 2.805 GC heap after
{Heap after GC invocations=9 (full 0):
 garbage-first heap   total 79872K, used 12958K [0x0000000082800000, 0x0000000100000000)
  region size 1024K, 5 young (5120K), 5 survivors (5120K)
 Metaspace       used 27645K, committed 27840K, reserved 1114112K
  class space    used 3023K, committed 3136K, reserved 1048576K
}
Event: 3.276 GC heap before
{Heap before GC invocations=9 (full 0):
 garbage-first heap   total 79872K, used 54942K [0x0000000082800000, 0x0000000100000000)
  region size 1024K, 46 young (47104K), 5 survivors (5120K)
 Metaspace       used 29241K, committed 29568K, reserved 1114112K
  class space    used 3235K, committed 3392K, reserved 1048576K
}
Event: 3.284 GC heap after
{Heap after GC invocations=10 (full 0):
 garbage-first heap   total 79872K, used 15571K [0x0000000082800000, 0x0000000100000000)
  region size 1024K, 6 young (6144K), 6 survivors (6144K)
 Metaspace       used 29241K, committed 29568K, reserved 1114112K
  class space    used 3235K, committed 3392K, reserved 1048576K
}

