# JRE version: OpenJDK Runtime Environment (21.0+35) (build 21+35-2513)
# Java VM: OpenJDK 64-Bit Server VM (21+35-2513, mixed mode, sharing, tiered, compressed oops, compressed class ptrs, g1 gc, windows-amd64)
GC Precious Log:
 CardTable entry size: 512
 Card Set container configuration: InlinePtr #cards 5 size 8 Array Of Cards #cards 12 size 40 Howl #buckets 4 coarsen threshold 1843 Howl Bitmap #cards 512 size 80 coarsen threshold 460 Card regions per heap region 1 cards per card region 2048
 CPUs: 8 total, 8 available
 Memory: 8027M
 Large Page Support: Disabled
 NUMA Support: Disabled
 Compressed Oops: Enabled (32-bit)
 Heap Region Size: 1M
 Heap Min Capacity: 8M
 Heap Initial Capacity: 126M
 Heap Max Capacity: 2008M
 Pre-touch: Disabled
 Parallel Workers: 8
 Concurrent Workers: 2
 Concurrent Refinement Workers: 8
 Periodic GC: Disabled
Heap:
 garbage-first heap   total 268288K, used 159220K [0x0000000082800000, 0x0000000100000000)
  region size 1024K, 1 young (1024K), 1 survivors (1024K)
 Metaspace       used 14040K, committed 14400K, reserved 1114112K
  class space    used 1845K, committed 1984K, reserved 1048576K
GC Heap History (20 events):
Event: 2.223 GC heap after
{Heap after GC invocations=2 (full 0):
 garbage-first heap   total 129024K, used 19279K [0x0000000082800000, 0x0000000100000000)
  region size 1024K, 5 young (5120K), 5 survivors (5120K)
 Metaspace       used 13560K, committed 13888K, reserved 1114112K
  class space    used 1735K, committed 1856K, reserved 1048576K
}
Event: 2.428 GC heap before
{Heap before GC invocations=2 (full 0):
 garbage-first heap   total 129024K, used 70479K [0x0000000082800000, 0x0000000100000000)
  region size 1024K, 15 young (15360K), 5 survivors (5120K)
 Metaspace       used 13939K, committed 14208K, reserved 1114112K
  class space    used 1805K, committed 1920K, reserved 1048576K
}
Event: 2.432 GC heap after
{Heap after GC invocations=3 (full 0):
 garbage-first heap   total 129024K, used 63587K [0x0000000082800000, 0x0000000100000000)
  region size 1024K, 1 young (1024K), 1 survivors (1024K)
 Metaspace       used 13939K, committed 14208K, reserved 1114112K
  class space    used 1805K, committed 1920K, reserved 1048576K
}
Event: 2.446 GC heap before
{Heap before GC invocations=4 (full 0):
 garbage-first heap   total 129024K, used 68707K [0x0000000082800000, 0x0000000100000000)
  region size 1024K, 3 young (3072K), 1 survivors (1024K)
 Metaspace       used 13939K, committed 14208K, reserved 1114112K
  class space    used 1805K, committed 1920K, reserved 1048576K
}
Event: 2.447 GC heap after
{Heap after GC invocations=5 (full 0):
 garbage-first heap   total 129024K, used 68257K [0x0000000082800000, 0x0000000100000000)
  region size 1024K, 1 young (1024K), 1 survivors (1024K)
 Metaspace       used 13939K, committed 14208K, reserved 1114112K
  class space    used 1805K, committed 1920K, reserved 1048576K
}
Event: 2.544 GC heap before
{Heap before GC invocations=6 (full 0):
 garbage-first heap   total 134144K, used 131745K [0x0000000082800000, 0x0000000100000000)
  region size 1024K, 10 young (10240K), 1 survivors (1024K)
 Metaspace       used 13939K, committed 14208K, reserved 1114112K
  class space    used 1805K, committed 1920K, reserved 1048576K
}
Event: 2.545 GC heap after
{Heap after GC invocations=7 (full 0):
 garbage-first heap   total 135168K, used 123408K [0x0000000082800000, 0x0000000100000000)
  region size 1024K, 1 young (1024K), 1 survivors (1024K)
 Metaspace       used 13939K, committed 14208K, reserved 1114112K
  class space    used 1805K, committed 1920K, reserved 1048576K
}
Event: 2.561 GC heap before
{Heap before GC invocations=7 (full 0):
 garbage-first heap   total 138240K, used 135696K [0x0000000082800000, 0x0000000100000000)
  region size 1024K, 3 young (3072K), 1 survivors (1024K)
 Metaspace       used 13939K, committed 14208K, reserved 1114112K
  class space    used 1805K, committed 1920K, reserved 1048576K
}
Event: 2.562 GC heap after
{Heap after GC invocations=8 (full 0):
 garbage-first heap   total 139264K, used 134433K [0x0000000082800000, 0x0000000100000000)
  region size 1024K, 1 young (1024K), 1 survivors (1024K)
 Metaspace       used 13939K, committed 14208K, reserved 1114112K
  class space    used 1805K, committed 1920K, reserved 1048576K
}
Event: 2.564 GC heap before
{Heap before GC invocations=8 (full 0):
 garbage-first heap   total 139264K, used 134433K [0x0000000082800000, 0x0000000100000000)
  region size 1024K, 2 young (2048K), 1 survivors (1024K)
 Metaspace       used 13939K, committed 14208K, reserved 1114112K
  class space    used 1805K, committed 1920K, reserved 1048576K
}
Event: 2.565 GC heap after
{Heap after GC invocations=9 (full 0):
 garbage-first heap   total 197632K, used 134536K [0x0000000082800000, 0x0000000100000000)
  region size 1024K, 1 young (1024K), 1 survivors (1024K)
 Metaspace       used 13939K, committed 14208K, reserved 1114112K
  class space    used 1805K, committed 1920K, reserved 1048576K
}
Event: 2.582 GC heap before
{Heap before GC invocations=10 (full 0):
 garbage-first heap   total 239616K, used 142728K [0x0000000082800000, 0x0000000100000000)
  region size 1024K, 3 young (3072K), 1 survivors (1024K)
 Metaspace       used 13939K, committed 14208K, reserved 1114112K
  class space    used 1805K, committed 1920K, reserved 1048576K
}
Event: 2.583 GC heap after
{Heap after GC invocations=11 (full 0):
 garbage-first heap   total 239616K, used 142726K [0x0000000082800000, 0x0000000100000000)
  region size 1024K, 1 young (1024K), 1 survivors (1024K)
 Metaspace       used 13939K, committed 14208K, reserved 1114112K
  class space    used 1805K, committed 1920K, reserved 1048576K
}
Event: 2.598 GC heap before
{Heap before GC invocations=12 (full 0):
 garbage-first heap   total 249856K, used 148870K [0x0000000082800000, 0x0000000100000000)
  region size 1024K, 2 young (2048K), 1 survivors (1024K)
 Metaspace       used 13939K, committed 14208K, reserved 1114112K
  class space    used 1805K, committed 1920K, reserved 1048576K
}
Event: 2.600 GC heap after
{Heap after GC invocations=13 (full 0):
 garbage-first heap   total 249856K, used 148892K [0x0000000082800000, 0x0000000100000000)
  region size 1024K, 1 young (1024K), 1 survivors (1024K)
 Metaspace       used 13939K, committed 14208K, reserved 1114112K
  class space    used 1805K, committed 1920K, reserved 1048576K
}
Event: 2.615 GC heap before
{Heap before GC invocations=14 (full 0):
 garbage-first heap   total 261120K, used 158108K [0x0000000082800000, 0x0000000100000000)
  region size 1024K, 3 young (3072K), 1 survivors (1024K)
 Metaspace       used 13939K, committed 14208K, reserved 1114112K
  class space    used 1805K, committed 1920K, reserved 1048576K
}
Event: 2.616 GC heap after
{Heap after GC invocations=15 (full 0):
 garbage-first heap   total 261120K, used 157074K [0x0000000082800000, 0x0000000100000000)
  region size 1024K, 1 young (1024K), 1 survivors (1024K)
 Metaspace       used 13939K, committed 14208K, reserved 1114112K
  class space    used 1805K, committed 1920K, reserved 1048576K
}
Event: 2.763 GC heap before
{Heap before GC invocations=16 (full 0):
 garbage-first heap   total 268288K, used 159122K [0x0000000082800000, 0x0000000100000000)
  region size 1024K, 2 young (2048K), 1 survivors (1024K)
 Metaspace       used 14018K, committed 14336K, reserved 1114112K
  class space    used 1845K, committed 1984K, reserved 1048576K
}
Event: 2.764 GC heap after
{Heap after GC invocations=17 (full 0):
 garbage-first heap   total 268288K, used 158065K [0x0000000082800000, 0x0000000100000000)
  region size 1024K, 1 young (1024K), 1 survivors (1024K)
 Metaspace       used 14018K, committed 14336K, reserved 1114112K
  class space    used 1845K, committed 1984K, reserved 1048576K
}
Event: 2.786 GC heap before
{Heap before GC invocations=18 (full 0):
 garbage-first heap   total 268288K, used 160113K [0x0000000082800000, 0x0000000100000000)
  region size 1024K, 3 young (3072K), 1 survivors (1024K)
 Metaspace       used 14040K, committed 14400K, reserved 1114112K
  class space    used 1845K, committed 1984K, reserved 1048576K
}

