# JRE version: OpenJDK Runtime Environment JBR-17.0.9+8-1166.2-nomod (17.0.9+8) (build 17.0.9+8-b1166.2)
# Java VM: OpenJDK 64-Bit Server VM JBR-17.0.9+8-1166.2-nomod (17.0.9+8-b1166.2, mixed mode, tiered, compressed oops, compressed class ptrs, g1 gc, windows-amd64)
GC Precious Log:
 CPUs: 8 total, 8 available
 Memory: 8027M
 Large Page Support: Disabled
 NUMA Support: Disabled
 Compressed Oops: Enabled (32-bit)
 Heap Region Size: 1M
 Heap Min Capacity: 8M
 Heap Initial Capacity: 126M
 Heap Max Capacity: 2008M
 Pre-touch: Disabled
 Parallel Workers: 8
 Concurrent Workers: 2
 Concurrent Refinement Workers: 8
 Periodic GC: Disabled
Heap:
 garbage-first heap   total 532480K, used 320094K [0x0000000082800000, 0x0000000100000000)
  region size 1024K, 1 young (1024K), 1 survivors (1024K)
 Metaspace       used 21549K, committed 21760K, reserved 1114112K
  class space    used 2469K, committed 2560K, reserved 1048576K
GC Heap History (20 events):
Event: 2.173 GC heap after
{Heap after GC invocations=22 (full 0):
 garbage-first heap   total 532480K, used 237110K [0x0000000082800000, 0x0000000100000000)
  region size 1024K, 1 young (1024K), 1 survivors (1024K)
 Metaspace       used 21549K, committed 21760K, reserved 1114112K
  class space    used 2469K, committed 2560K, reserved 1048576K
}
Event: 2.178 GC heap before
{Heap before GC invocations=22 (full 0):
 garbage-first heap   total 532480K, used 240182K [0x0000000082800000, 0x0000000100000000)
  region size 1024K, 2 young (2048K), 1 survivors (1024K)
 Metaspace       used 21549K, committed 21760K, reserved 1114112K
  class space    used 2469K, committed 2560K, reserved 1048576K
}
Event: 2.179 GC heap after
{Heap after GC invocations=23 (full 0):
 garbage-first heap   total 532480K, used 240182K [0x0000000082800000, 0x0000000100000000)
  region size 1024K, 1 young (1024K), 1 survivors (1024K)
 Metaspace       used 21549K, committed 21760K, reserved 1114112K
  class space    used 2469K, committed 2560K, reserved 1048576K
}
Event: 2.194 GC heap before
{Heap before GC invocations=24 (full 0):
 garbage-first heap   total 532480K, used 249398K [0x0000000082800000, 0x0000000100000000)
  region size 1024K, 3 young (3072K), 1 survivors (1024K)
 Metaspace       used 21549K, committed 21760K, reserved 1114112K
  class space    used 2469K, committed 2560K, reserved 1048576K
}
Event: 2.195 GC heap after
{Heap after GC invocations=25 (full 0):
 garbage-first heap   total 532480K, used 249394K [0x0000000082800000, 0x0000000100000000)
  region size 1024K, 1 young (1024K), 1 survivors (1024K)
 Metaspace       used 21549K, committed 21760K, reserved 1114112K
  class space    used 2469K, committed 2560K, reserved 1048576K
}
Event: 2.209 GC heap before
{Heap before GC invocations=26 (full 0):
 garbage-first heap   total 532480K, used 258610K [0x0000000082800000, 0x0000000100000000)
  region size 1024K, 3 young (3072K), 1 survivors (1024K)
 Metaspace       used 21549K, committed 21760K, reserved 1114112K
  class space    used 2469K, committed 2560K, reserved 1048576K
}
Event: 2.210 GC heap after
{Heap after GC invocations=27 (full 0):
 garbage-first heap   total 532480K, used 258619K [0x0000000082800000, 0x0000000100000000)
  region size 1024K, 1 young (1024K), 1 survivors (1024K)
 Metaspace       used 21549K, committed 21760K, reserved 1114112K
  class space    used 2469K, committed 2560K, reserved 1048576K
}
Event: 2.228 GC heap before
{Heap before GC invocations=28 (full 0):
 garbage-first heap   total 532480K, used 267835K [0x0000000082800000, 0x0000000100000000)
  region size 1024K, 3 young (3072K), 1 survivors (1024K)
 Metaspace       used 21549K, committed 21760K, reserved 1114112K
  class space    used 2469K, committed 2560K, reserved 1048576K
}
Event: 2.229 GC heap after
{Heap after GC invocations=29 (full 0):
 garbage-first heap   total 532480K, used 267839K [0x0000000082800000, 0x0000000100000000)
  region size 1024K, 1 young (1024K), 1 survivors (1024K)
 Metaspace       used 21549K, committed 21760K, reserved 1114112K
  class space    used 2469K, committed 2560K, reserved 1048576K
}
Event: 2.243 GC heap before
{Heap before GC invocations=30 (full 0):
 garbage-first heap   total 532480K, used 277055K [0x0000000082800000, 0x0000000100000000)
  region size 1024K, 3 young (3072K), 1 survivors (1024K)
 Metaspace       used 21549K, committed 21760K, reserved 1114112K
  class space    used 2469K, committed 2560K, reserved 1048576K
}
Event: 2.244 GC heap after
{Heap after GC invocations=31 (full 0):
 garbage-first heap   total 532480K, used 277060K [0x0000000082800000, 0x0000000100000000)
  region size 1024K, 1 young (1024K), 1 survivors (1024K)
 Metaspace       used 21549K, committed 21760K, reserved 1114112K
  class space    used 2469K, committed 2560K, reserved 1048576K
}
Event: 2.258 GC heap before
{Heap before GC invocations=32 (full 0):
 garbage-first heap   total 532480K, used 286276K [0x0000000082800000, 0x0000000100000000)
  region size 1024K, 3 young (3072K), 1 survivors (1024K)
 Metaspace       used 21549K, committed 21760K, reserved 1114112K
  class space    used 2469K, committed 2560K, reserved 1048576K
}
Event: 2.259 GC heap after
{Heap after GC invocations=33 (full 0):
 garbage-first heap   total 532480K, used 286280K [0x0000000082800000, 0x0000000100000000)
  region size 1024K, 1 young (1024K), 1 survivors (1024K)
 Metaspace       used 21549K, committed 21760K, reserved 1114112K
  class space    used 2469K, committed 2560K, reserved 1048576K
}
Event: 2.277 GC heap before
{Heap before GC invocations=34 (full 0):
 garbage-first heap   total 532480K, used 295496K [0x0000000082800000, 0x0000000100000000)
  region size 1024K, 3 young (3072K), 1 survivors (1024K)
 Metaspace       used 21549K, committed 21760K, reserved 1114112K
  class space    used 2469K, committed 2560K, reserved 1048576K
}
Event: 2.278 GC heap after
{Heap after GC invocations=35 (full 0):
 garbage-first heap   total 532480K, used 295505K [0x0000000082800000, 0x0000000100000000)
  region size 1024K, 1 young (1024K), 1 survivors (1024K)
 Metaspace       used 21549K, committed 21760K, reserved 1114112K
  class space    used 2469K, committed 2560K, reserved 1048576K
}
Event: 2.291 GC heap before
{Heap before GC invocations=36 (full 0):
 garbage-first heap   total 532480K, used 301649K [0x0000000082800000, 0x0000000100000000)
  region size 1024K, 2 young (2048K), 1 survivors (1024K)
 Metaspace       used 21549K, committed 21760K, reserved 1114112K
  class space    used 2469K, committed 2560K, reserved 1048576K
}
Event: 2.292 GC heap after
{Heap after GC invocations=37 (full 0):
 garbage-first heap   total 532480K, used 301649K [0x0000000082800000, 0x0000000100000000)
  region size 1024K, 1 young (1024K), 1 survivors (1024K)
 Metaspace       used 21549K, committed 21760K, reserved 1114112K
  class space    used 2469K, committed 2560K, reserved 1048576K
}
Event: 2.306 GC heap before
{Heap before GC invocations=38 (full 0):
 garbage-first heap   total 532480K, used 310865K [0x0000000082800000, 0x0000000100000000)
  region size 1024K, 3 young (3072K), 1 survivors (1024K)
 Metaspace       used 21549K, committed 21760K, reserved 1114112K
  class space    used 2469K, committed 2560K, reserved 1048576K
}
Event: 2.307 GC heap after
{Heap after GC invocations=39 (full 0):
 garbage-first heap   total 532480K, used 310874K [0x0000000082800000, 0x0000000100000000)
  region size 1024K, 1 young (1024K), 1 survivors (1024K)
 Metaspace       used 21549K, committed 21760K, reserved 1114112K
  class space    used 2469K, committed 2560K, reserved 1048576K
}
Event: 2.322 GC heap before
{Heap before GC invocations=40 (full 0):
 garbage-first heap   total 532480K, used 320090K [0x0000000082800000, 0x0000000100000000)
  region size 1024K, 3 young (3072K), 1 survivors (1024K)
 Metaspace       used 21549K, committed 21760K, reserved 1114112K
  class space    used 2469K, committed 2560K, reserved 1048576K
}

